come into loop
2
3
1
come into loop
2
4
2
come into loop
2
5
3
come into loop
2
6
4
come into loop
2
7
5
come into loop
2
8
6
come into loop
2
9
7
come into loop
3
4
8
come into loop
3
5
9
come into loop
3
6
10
come into loop
3
7
11
come into loop
3
8
12
come into loop
3
9
13
come into loop
4
5
14
come into loop
4
6
15
come into loop
4
7
16
come into loop
4
8
17
come into loop
4
9
18
come into loop
5
6
19
come into loop
5
7
20
come into loop
5
8
21
come into loop
5
9
22
come into loop
6
7
23
come into loop
6
8
24
come into loop
6
9
25
come into loop
7
8
26
come into loop
7
9
27
come into loop
8
9
28