26
58
1
1
3
3
84
84
84.00000
84.00000
-1
-1
-1.00000
-1.00000
1806
1806
1806.00000
1806.00000
1
1
1.00000
1.00000
3
3
-3
-3
2
2
3
3
1
1
8
8
-2
-2
1073741822
4611686018427387902
4
4
1073741824
4611686018427387904
42.00000
42.00000
-42.00000
-42.00000
43.00000
43.00000
42.00000
42.00000
42.00000
42.00000
43.00000
43.00000
6.48845
6.48845
-1.00000
-1.00000
42.10000
42.10000
-42.10000
-42.10000
-1
42
42
42
42
42
42
42
42
-1
4294967295
42.10000
42.10000
-1.00000
4294967296.00000
-1.00000
18446744073709551616.00000
-1.00000
4294967295.00000
-1.00000
18446744073709551616.00000
-2147483648
-9223372036854775808
1.00000
1.00000
-1
-1
-1
-1
-1